<?xml version="1.0" encoding="UTF-8"?>
<testsuite name="JUnit Jupiter" tests="0" skipped="0" failures="0" errors="0" time="0.006" hostname="DESKTOP-UF5DR31" timestamp="2019-02-06T14:35:41">
<properties>
<property name="awt.toolkit" value="sun.awt.windows.WToolkit"/>
<property name="file.encoding" value="windows-1252"/>
<property name="file.separator" value="\"/>
<property name="java.awt.graphicsenv" value="sun.awt.Win32GraphicsEnvironment"/>
<property name="java.awt.printerjob" value="sun.awt.windows.WPrinterJob"/>
<property name="java.class.path" value="C:\Users\root\Desktop\Team3646\FRC3646-Robot2019\build\classes\java\test;C:\Users\root\Desktop\Team3646\FRC3646-Robot2019\build\resources\test;C:\Users\root\Desktop\Team3646\FRC3646-Robot2019\build\classes\java\main;C:\Users\root\Desktop\Team3646\FRC3646-Robot2019\build\resources\main;C:\Users\Public\frc2019\maven\com\kauailabs\navx\frc\navx-java\3.1.347\navx-java-3.1.347.jar;C:\Users\root\.gradle\caches\modules-2\files-2.1\edu.wpi.first.wpilibj\wpilibj-java\2019.2.1\3f58b39ee84a79235ca701de48cb1d729f3c766b\wpilibj-java-2019.2.1.jar;C:\Users\root\.gradle\caches\modules-2\files-2.1\edu.wpi.first.ntcore\ntcore-java\2019.2.1\44521058e2244e41d46802744a75af6514a26187\ntcore-java-2019.2.1.jar;C:\Users\root\.gradle\caches\modules-2\files-2.1\edu.wpi.first.wpiutil\wpiutil-java\2019.2.1\34136c973be7a9179fa6039c9db806f6c003a2d7\wpiutil-java-2019.2.1.jar;C:\Users\Public\frc2019\maven\edu\wpi\first\thirdparty\frc2019\opencv\opencv-java\3.4.4-4\opencv-java-3.4.4-4.jar;C:\Users\root\.gradle\caches\modules-2\files-2.1\edu.wpi.first.cscore\cscore-java\2019.2.1\f00a7e52b9c51d79e6f7169fd6104439345e0cb1\cscore-java-2019.2.1.jar;C:\Users\root\.gradle\caches\modules-2\files-2.1\edu.wpi.first.cameraserver\cameraserver-java\2019.2.1\4604b5dc5b5779df44e56ff17af19457a99f00c3\cameraserver-java-2019.2.1.jar;C:\Users\root\.gradle\caches\modules-2\files-2.1\edu.wpi.first.hal\hal-java\2019.2.1\8b97c363c5dfd2899e3b87c253421d063ccb2dfd\hal-java-2019.2.1.jar;C:\Users\Public\frc2019\maven\com\ctre\phoenix\api-java\5.12.0\api-java-5.12.0.jar;C:\Users\Public\frc2019\maven\com\ctre\phoenix\wpiapi-java\5.12.0\wpiapi-java-5.12.0.jar;C:\Users\root\.gradle\caches\modules-2\files-2.1\gov.nist.math\jama\1.0.3\8bcf5a314b76cadd68daa37eafe0a46d8909ab47\jama-1.0.3.jar;C:\Users\root\.gradle\caches\modules-2\files-2.1\org.springframework\spring-webmvc\4.3.0.RELEASE\f520c7aee723480697053040ffc087e7330f155d\spring-webmvc-4.3.0.RELEASE.jar;C:\Users\root\.gradle\caches\modules-2\files-2.1\javax.servlet\javax.servlet-api\3.0.1\6bf0ebb7efd993e222fc1112377b5e92a13b38dd\javax.servlet-api-3.0.1.jar;C:\Users\root\.gradle\caches\modules-2\files-2.1\javax.servlet\jstl\1.2\74aca283cd4f4b4f3e425f5820cda58f44409547\jstl-1.2.jar;C:\Users\root\.gradle\caches\modules-2\files-2.1\junit\junit\4.12\2973d150c0dc1fefe998f834810d68f278ea58ec\junit-4.12.jar;C:\Users\root\.gradle\caches\modules-2\files-2.1\org.junit.jupiter\junit-jupiter-engine\5.0.3\52fcc461185c48178608f687e962de6484dfb69e\junit-jupiter-engine-5.0.3.jar;C:\Users\root\.gradle\caches\modules-2\files-2.1\org.junit.jupiter\junit-jupiter-api\5.0.3\43872be66bab0172073ac698062419755e563353\junit-jupiter-api-5.0.3.jar;C:\Users\root\.gradle\caches\modules-2\files-2.1\org.springframework\spring-web\4.3.0.RELEASE\83e2849360f9e7324ebccbde7ba565f51aeb12b2\spring-web-4.3.0.RELEASE.jar;C:\Users\root\.gradle\caches\modules-2\files-2.1\org.springframework\spring-context\4.3.0.RELEASE\e4470480fe1dda889d61af7e51e1f49df0533513\spring-context-4.3.0.RELEASE.jar;C:\Users\root\.gradle\caches\modules-2\files-2.1\org.springframework\spring-aop\4.3.0.RELEASE\2a2dc09e3e09515afb77af63526d4c3e3004da14\spring-aop-4.3.0.RELEASE.jar;C:\Users\root\.gradle\caches\modules-2\files-2.1\org.springframework\spring-beans\4.3.0.RELEASE\38da647f047779b176a0e2841900abca0196aefb\spring-beans-4.3.0.RELEASE.jar;C:\Users\root\.gradle\caches\modules-2\files-2.1\org.springframework\spring-expression\4.3.0.RELEASE\f16ef8bbbbb990b980a98dfeacc166f01c0c51a2\spring-expression-4.3.0.RELEASE.jar;C:\Users\root\.gradle\caches\modules-2\files-2.1\org.springframework\spring-core\4.3.0.RELEASE\1a0c76ffd8d8345064669f6cf255ab46a9881c77\spring-core-4.3.0.RELEASE.jar;C:\Users\root\.gradle\caches\modules-2\files-2.1\org.hamcrest\hamcrest-core\1.3\42a25dc3219429f0e5d060061f71acb49bf010a0\hamcrest-core-1.3.jar;C:\Users\root\.gradle\caches\modules-2\files-2.1\org.junit.platform\junit-platform-engine\1.0.3\7028a17adabd876b6d7530e43523a7f4fd109e18\junit-platform-engine-1.0.3.jar;C:\Users\root\.gradle\caches\modules-2\files-2.1\org.junit.platform\junit-platform-commons\1.0.3\3663f3ddfe47df2a7bf363d5c0196f0c7a09820f\junit-platform-commons-1.0.3.jar;C:\Users\root\.gradle\caches\modules-2\files-2.1\org.apiguardian\apiguardian-api\1.0.0\3ef5276905e36f4d8055fe3cb0bdcc7503ffc85d\apiguardian-api-1.0.0.jar;C:\Users\root\.gradle\caches\modules-2\files-2.1\org.opentest4j\opentest4j\1.0.0\6f09c598e9ff64bf0ce2fa7e7de49a99ba83c0b4\opentest4j-1.0.0.jar;C:\Users\root\.gradle\caches\modules-2\files-2.1\commons-logging\commons-logging\1.2\4bfc12adfe4842bf07b657f0369c4cb522955686\commons-logging-1.2.jar;C:\Users\root\.gradle\caches\modules-2\files-2.1\org.junit.platform\junit-platform-console\1.0.3\39e2d8697f3244a16f9fafd58ad871918cb5a722\junit-platform-console-1.0.3.jar;C:\Users\root\.gradle\caches\modules-2\files-2.1\org.junit.platform\junit-platform-launcher\1.0.3\91d799c70c3a597631883b77117046e09d6a4419\junit-platform-launcher-1.0.3.jar"/>
<property name="java.class.version" value="55.0"/>
<property name="java.home" value="C:\Users\Public\frc2019\jdk"/>
<property name="java.io.tmpdir" value="C:\Users\root\AppData\Local\Temp\"/>
<property name="java.library.path" value="C:\Users\Public\frc2019\jdk\bin;C:\WINDOWS\Sun\Java\bin;C:\WINDOWS\system32;C:\WINDOWS;C:\Users\Public\frc2019\jdk\bin:C:\Python27\;C:\Python27\Scripts;C:\Program Files (x86)\Intel\iCLS Client\;C:\Program Files (x86)\IntelSWTools\compilers_and_libraries_2018.2.185\windows\mpi\intel64\bin;C:\Program Files (x86)\Common Files\Intel\Shared Libraries\redist\intel64_win\mpirt;C:\Program Files (x86)\Common Files\Intel\Shared Libraries\redist\ia32_win\mpirt;C:\Program Files (x86)\Common Files\Intel\Shared Libraries\redist\intel64_win\compiler;C:\Program Files (x86)\Common Files\Intel\Shared Libraries\redist\ia32_win\compiler;C:\Program Files (x86)\Cuminas\Document Express DjVu Plug-in\;C:\Program Files\Microsoft MPI\Bin\;C:\ProgramData\Oracle\Java\javapath;C:\Program Files\Intel\iCLS Client\;C:\WINDOWS\system32;C:\WINDOWS;C:\WINDOWS\System32\Wbem;C:\WINDOWS\System32\WindowsPowerShell\v1.0\;C:\Program Files (x86)\IVI Foundation\VISA\WinNT\Bin;C:\ProgramData\chocolatey\bin;C:\Program Files\nodejs\;C:\Program Files\dotnet\;C:\Program Files\CMake\bin;C:\Program Files\Microsoft SQL Server\130\Tools\Binn\;C:\Program Files (x86)\Calibre2\;C:\WINDOWS\System32\OpenSSH\;C:\Program Files (x86)\Intel\Intel(R) Management Engine Components\DAL;C:\Program Files\Intel\Intel(R) Management Engine Components\DAL;C:\Program Files (x86)\Intel\Intel(R) Management Engine Components\IPT;C:\Program Files\Intel\Intel(R) Management Engine Components\IPT;C:\Program Files\Git\cmd;C:\Users\Public\frc2019\roborio\bin;C:\Users\Public\frc2019\frccode;C:\Users\root\AppData\Local\Microsoft\WindowsApps;C:\Users\root\AppData\Roaming\npm;C:\Users\root\AppData\Local\atom\bin;C:\Program Files (x86)\mingw-w64\i686-7.2.0-posix-dwarf-rt_v5-rev1\mingw32\bin;C:\Users\root\AppData\Local\Microsoft\WindowsApps;C:\hashcat-5.1.0;C:\ffmpeg\bin;C:\Users\Public\frc2019\roborio\bin;C:\Users\Public\frc2019\frccode;."/>
<property name="java.runtime.name" value="OpenJDK Runtime Environment"/>
<property name="java.runtime.version" value="11.0.1+13"/>
<property name="java.specification.name" value="Java Platform API Specification"/>
<property name="java.specification.vendor" value="Oracle Corporation"/>
<property name="java.specification.version" value="11"/>
<property name="java.vendor" value="Oracle Corporation"/>
<property name="java.vendor.url" value="http://java.oracle.com/"/>
<property name="java.vendor.url.bug" value="http://bugreport.java.com/bugreport/"/>
<property name="java.vendor.version" value="18.9"/>
<property name="java.version" value="11.0.1"/>
<property name="java.version.date" value="2018-10-16"/>
<property name="java.vm.compressedOopsMode" value="Zero based"/>
<property name="java.vm.info" value="mixed mode"/>
<property name="java.vm.name" value="OpenJDK 64-Bit Server VM"/>
<property name="java.vm.specification.name" value="Java Virtual Machine Specification"/>
<property name="java.vm.specification.vendor" value="Oracle Corporation"/>
<property name="java.vm.specification.version" value="11"/>
<property name="java.vm.vendor" value="Oracle Corporation"/>
<property name="java.vm.version" value="11.0.1+13"/>
<property name="jdk.debug" value="release"/>
<property name="line.separator" value="
"/>
<property name="os.arch" value="amd64"/>
<property name="os.name" value="Windows 10"/>
<property name="os.version" value="10.0"/>
<property name="path.separator" value=";"/>
<property name="sun.arch.data.model" value="64"/>
<property name="sun.boot.library.path" value="C:\Users\Public\frc2019\jdk\bin"/>
<property name="sun.cpu.endian" value="little"/>
<property name="sun.cpu.isalist" value="amd64"/>
<property name="sun.desktop" value="windows"/>
<property name="sun.io.unicode.encoding" value="UnicodeLittle"/>
<property name="sun.java.command" value="org.junit.platform.console.ConsoleLauncher --details NONE --scan-class-path C:\Users\root\Desktop\Team3646\FRC3646-Robot2019\build\classes\java\main;C:\Users\root\Desktop\Team3646\FRC3646-Robot2019\build\resources\main;C:\Users\root\Desktop\Team3646\FRC3646-Robot2019\build\classes\java\test;C:\Users\root\Desktop\Team3646\FRC3646-Robot2019\build\resources\test -n ^.*Tests?$ --reports-dir C:\Users\root\Desktop\Team3646\FRC3646-Robot2019\build\test-results\junit-platform"/>
<property name="sun.java.launcher" value="SUN_STANDARD"/>
<property name="sun.jnu.encoding" value="Cp1252"/>
<property name="sun.management.compiler" value="HotSpot 64-Bit Tiered Compilers"/>
<property name="sun.os.patch.level" value=""/>
<property name="user.country" value="US"/>
<property name="user.dir" value="C:\Users\root\Desktop\Team3646\FRC3646-Robot2019"/>
<property name="user.home" value="C:\Users\root"/>
<property name="user.language" value="en"/>
<property name="user.name" value="root"/>
<property name="user.script" value=""/>
<property name="user.timezone" value="Asia/Istanbul"/>
<property name="user.variant" value=""/>
</properties>
<system-out><![CDATA[
unique-id: [engine:junit-jupiter]
display-name: JUnit Jupiter
]]></system-out>
</testsuite>
