<?xml version="1.0" encoding="UTF-8"?>
<testsuite name="JUnit Jupiter" tests="0" skipped="0" failures="0" errors="0" time="0.008" hostname="DESKTOP-UZAYGEMISI" timestamp="2019-03-17T19:39:34">
<properties>
<property name="awt.toolkit" value="sun.awt.windows.WToolkit"/>
<property name="file.encoding" value="windows-1254"/>
<property name="file.separator" value="\"/>
<property name="java.awt.graphicsenv" value="sun.awt.Win32GraphicsEnvironment"/>
<property name="java.awt.printerjob" value="sun.awt.windows.WPrinterJob"/>
<property name="java.class.path" value="C:\Users\Baran\Desktop\FRC3646-Robot2019\build\classes\java\test;C:\Users\Baran\Desktop\FRC3646-Robot2019\build\resources\test;C:\Users\Baran\Desktop\FRC3646-Robot2019\build\classes\java\main;C:\Users\Baran\Desktop\FRC3646-Robot2019\build\resources\main;C:\Users\Baran\.gradle\caches\modules-2\files-2.1\com.kauailabs.navx.frc\navx-java\3.1.366\61a5d7a55c6f96fa1b15c52eaab3e1ecd27331e5\navx-java-3.1.366.jar;C:\Users\Public\frc2019\maven\edu\wpi\first\wpilibj\wpilibj-java\2019.4.1\wpilibj-java-2019.4.1.jar;C:\Users\Public\frc2019\maven\edu\wpi\first\ntcore\ntcore-java\2019.4.1\ntcore-java-2019.4.1.jar;C:\Users\Public\frc2019\maven\edu\wpi\first\wpiutil\wpiutil-java\2019.4.1\wpiutil-java-2019.4.1.jar;C:\Users\Public\frc2019\maven\edu\wpi\first\thirdparty\frc2019\opencv\opencv-java\3.4.4-4\opencv-java-3.4.4-4.jar;C:\Users\Public\frc2019\maven\edu\wpi\first\cscore\cscore-java\2019.4.1\cscore-java-2019.4.1.jar;C:\Users\Public\frc2019\maven\edu\wpi\first\cameraserver\cameraserver-java\2019.4.1\cameraserver-java-2019.4.1.jar;C:\Users\Public\frc2019\maven\edu\wpi\first\hal\hal-java\2019.4.1\hal-java-2019.4.1.jar;C:\Users\Baran\.gradle\caches\modules-2\files-2.1\com.ctre.phoenix\api-java\5.12.0\67bee152c70e47d981b1ecb1b7d6b59465aa506e\api-java-5.12.0.jar;C:\Users\Baran\.gradle\caches\modules-2\files-2.1\com.ctre.phoenix\wpiapi-java\5.12.0\a355071240b46081f86795119258fa2ffa1401e5\wpiapi-java-5.12.0.jar;C:\Users\Baran\.gradle\caches\modules-2\files-2.1\gov.nist.math\jama\1.0.3\8bcf5a314b76cadd68daa37eafe0a46d8909ab47\jama-1.0.3.jar;C:\Users\Baran\.m2\repository\org\springframework\spring-webmvc\4.3.0.RELEASE\spring-webmvc-4.3.0.RELEASE.jar;C:\Users\Baran\.m2\repository\javax\servlet\javax.servlet-api\3.0.1\javax.servlet-api-3.0.1.jar;C:\Users\Baran\.m2\repository\javax\servlet\jstl\1.2\jstl-1.2.jar;C:\Users\Baran\.gradle\caches\modules-2\files-2.1\junit\junit\4.12\2973d150c0dc1fefe998f834810d68f278ea58ec\junit-4.12.jar;C:\Users\Baran\.gradle\caches\modules-2\files-2.1\org.junit.jupiter\junit-jupiter-engine\5.0.3\52fcc461185c48178608f687e962de6484dfb69e\junit-jupiter-engine-5.0.3.jar;C:\Users\Baran\.gradle\caches\modules-2\files-2.1\org.junit.jupiter\junit-jupiter-api\5.0.3\43872be66bab0172073ac698062419755e563353\junit-jupiter-api-5.0.3.jar;C:\Users\Baran\.m2\repository\org\springframework\spring-web\4.3.0.RELEASE\spring-web-4.3.0.RELEASE.jar;C:\Users\Baran\.m2\repository\org\springframework\spring-context\4.3.0.RELEASE\spring-context-4.3.0.RELEASE.jar;C:\Users\Baran\.m2\repository\org\springframework\spring-aop\4.3.0.RELEASE\spring-aop-4.3.0.RELEASE.jar;C:\Users\Baran\.m2\repository\org\springframework\spring-beans\4.3.0.RELEASE\spring-beans-4.3.0.RELEASE.jar;C:\Users\Baran\.m2\repository\org\springframework\spring-expression\4.3.0.RELEASE\spring-expression-4.3.0.RELEASE.jar;C:\Users\Baran\.m2\repository\org\springframework\spring-core\4.3.0.RELEASE\spring-core-4.3.0.RELEASE.jar;C:\Users\Baran\.gradle\caches\modules-2\files-2.1\org.hamcrest\hamcrest-core\1.3\42a25dc3219429f0e5d060061f71acb49bf010a0\hamcrest-core-1.3.jar;C:\Users\Baran\.gradle\caches\modules-2\files-2.1\org.junit.platform\junit-platform-engine\1.0.3\7028a17adabd876b6d7530e43523a7f4fd109e18\junit-platform-engine-1.0.3.jar;C:\Users\Baran\.gradle\caches\modules-2\files-2.1\org.junit.platform\junit-platform-commons\1.0.3\3663f3ddfe47df2a7bf363d5c0196f0c7a09820f\junit-platform-commons-1.0.3.jar;C:\Users\Baran\.gradle\caches\modules-2\files-2.1\org.apiguardian\apiguardian-api\1.0.0\3ef5276905e36f4d8055fe3cb0bdcc7503ffc85d\apiguardian-api-1.0.0.jar;C:\Users\Baran\.gradle\caches\modules-2\files-2.1\org.opentest4j\opentest4j\1.0.0\6f09c598e9ff64bf0ce2fa7e7de49a99ba83c0b4\opentest4j-1.0.0.jar;C:\Users\Baran\.m2\repository\commons-logging\commons-logging\1.2\commons-logging-1.2.jar;C:\Users\Baran\.gradle\caches\modules-2\files-2.1\org.junit.platform\junit-platform-console\1.0.3\39e2d8697f3244a16f9fafd58ad871918cb5a722\junit-platform-console-1.0.3.jar;C:\Users\Baran\.gradle\caches\modules-2\files-2.1\org.junit.platform\junit-platform-launcher\1.0.3\91d799c70c3a597631883b77117046e09d6a4419\junit-platform-launcher-1.0.3.jar"/>
<property name="java.class.version" value="55.0"/>
<property name="java.home" value="C:\Users\Public\frc2019\jdk"/>
<property name="java.io.tmpdir" value="C:\Users\Baran\AppData\Local\Temp\"/>
<property name="java.library.path" value="C:\Users\Public\frc2019\jdk\bin;C:\Windows\Sun\Java\bin;C:\Windows\system32;C:\Windows;C:\Users\Public\frc2019\jdk\bin:C:\Program Files (x86)\Common Files\Oracle\Java\javapath;C:\Program Files (x86)\NVIDIA Corporation\PhysX\Common;C:\Windows\system32;C:\Windows;C:\Windows\System32\Wbem;C:\Windows\System32\WindowsPowerShell\v1.0\;C:\Windows\System32\OpenSSH\;C:\Program Files\NVIDIA Corporation\NVIDIA NvDLISR;C:\Program Files\Microsoft SQL Server\Client SDK\ODBC\110\Tools\Binn\;C:\Program Files (x86)\Microsoft SQL Server\120\Tools\Binn\;C:\Program Files\Microsoft SQL Server\120\Tools\Binn\;C:\Program Files\Microsoft SQL Server\120\DTS\Binn\;C:\Program Files (x86)\Windows Kits\8.1\Windows Performance Toolkit\;D:\Program Files (x86)\File Viewer Lite\lib\magick;C:\Users\Public\frc2019\frccode;C:\Program Files\PuTTY\;C:\Program Files\Git\cmd;C:\Users\Baran\AppData\Local\Microsoft\WindowsApps;C:\Users\Public\frc2019\frccode;C:\Program Files\Maven\bin;;."/>
<property name="java.runtime.name" value="OpenJDK Runtime Environment"/>
<property name="java.runtime.version" value="11.0.1+13"/>
<property name="java.specification.name" value="Java Platform API Specification"/>
<property name="java.specification.vendor" value="Oracle Corporation"/>
<property name="java.specification.version" value="11"/>
<property name="java.vendor" value="Oracle Corporation"/>
<property name="java.vendor.url" value="http://java.oracle.com/"/>
<property name="java.vendor.url.bug" value="http://bugreport.java.com/bugreport/"/>
<property name="java.vendor.version" value="18.9"/>
<property name="java.version" value="11.0.1"/>
<property name="java.version.date" value="2018-10-16"/>
<property name="java.vm.compressedOopsMode" value="Zero based"/>
<property name="java.vm.info" value="mixed mode"/>
<property name="java.vm.name" value="OpenJDK 64-Bit Server VM"/>
<property name="java.vm.specification.name" value="Java Virtual Machine Specification"/>
<property name="java.vm.specification.vendor" value="Oracle Corporation"/>
<property name="java.vm.specification.version" value="11"/>
<property name="java.vm.vendor" value="Oracle Corporation"/>
<property name="java.vm.version" value="11.0.1+13"/>
<property name="jdk.debug" value="release"/>
<property name="line.separator" value="
"/>
<property name="os.arch" value="amd64"/>
<property name="os.name" value="Windows 10"/>
<property name="os.version" value="10.0"/>
<property name="path.separator" value=";"/>
<property name="sun.arch.data.model" value="64"/>
<property name="sun.boot.library.path" value="C:\Users\Public\frc2019\jdk\bin"/>
<property name="sun.cpu.endian" value="little"/>
<property name="sun.cpu.isalist" value="amd64"/>
<property name="sun.desktop" value="windows"/>
<property name="sun.io.unicode.encoding" value="UnicodeLittle"/>
<property name="sun.java.command" value="org.junit.platform.console.ConsoleLauncher --details NONE --scan-class-path C:\Users\Baran\Desktop\FRC3646-Robot2019\build\classes\java\main;C:\Users\Baran\Desktop\FRC3646-Robot2019\build\resources\main;C:\Users\Baran\Desktop\FRC3646-Robot2019\build\classes\java\test;C:\Users\Baran\Desktop\FRC3646-Robot2019\build\resources\test -n ^.*Tests?$ --reports-dir C:\Users\Baran\Desktop\FRC3646-Robot2019\build\test-results\junit-platform"/>
<property name="sun.java.launcher" value="SUN_STANDARD"/>
<property name="sun.jnu.encoding" value="Cp1254"/>
<property name="sun.management.compiler" value="HotSpot 64-Bit Tiered Compilers"/>
<property name="sun.os.patch.level" value=""/>
<property name="user.country" value="TR"/>
<property name="user.dir" value="C:\Users\Baran\Desktop\FRC3646-Robot2019"/>
<property name="user.home" value="C:\Users\Baran"/>
<property name="user.language" value="tr"/>
<property name="user.name" value="Baran"/>
<property name="user.script" value=""/>
<property name="user.timezone" value="Asia/Istanbul"/>
<property name="user.variant" value=""/>
</properties>
<system-out><![CDATA[
unique-id: [engine:junit-jupiter]
display-name: JUnit Jupiter
]]></system-out>
</testsuite>
